[0.045s] Invoking command in '/home/sunrise/hand_gesture_recognize/build/hand_gesture_detection_develop': CMAKE_PREFIX_PATH=${CMAKE_PREFIX_PATH}:/opt/tros/humble:/opt/ros/humble /usr/bin/cmake /home/sunrise/hand_gesture_recognize/src/hand_gesture_detection_develop -DAMENT_CMAKE_SYMLINK_INSTALL=1 -DCMAKE_INSTALL_PREFIX=/home/sunrise/hand_gesture_recognize/install/hand_gesture_detection_develop
[0.356s] -- The C compiler identification is GNU 11.2.0
[0.671s] -- The CXX compiler identification is GNU 11.2.0
[0.706s] -- Detecting C compiler ABI info
[1.120s] -- Detecting C compiler ABI info - done
[1.196s] -- Check for working C compiler: /usr/bin/cc - skipped
[1.197s] -- Detecting C compile features
[1.199s] -- Detecting C compile features - done
[1.214s] -- Detecting CXX compiler ABI info
[1.629s] -- Detecting CXX compiler ABI info - done
[1.692s] -- Check for working CXX compiler: /usr/bin/c++ - skipped
[1.693s] -- Detecting CXX compile features
[1.696s] -- Detecting CXX compile features - done
[1.707s] -- Found ament_cmake: 1.3.11 (/opt/ros/humble/share/ament_cmake/cmake)
[2.622s] -- Found Python3: /usr/bin/python3 (found version "3.10.12") found components: Interpreter 
[3.028s] -- Override CMake install command with custom implementation using symlinks instead of copying resources
[3.152s] -- Found rclcpp: 16.0.12 (/opt/ros/humble/share/rclcpp/cmake)
[3.341s] -- Found rosidl_generator_c: 3.1.6 (/opt/ros/humble/share/rosidl_generator_c/cmake)
[3.366s] -- Found rosidl_adapter: 3.1.6 (/opt/ros/humble/share/rosidl_adapter/cmake)
[3.407s] -- Found rosidl_generator_cpp: 3.1.6 (/opt/ros/humble/share/rosidl_generator_cpp/cmake)
[3.471s] -- Using all available rosidl_typesupport_c: rosidl_typesupport_fastrtps_c;rosidl_typesupport_introspection_c
[3.557s] -- Using all available rosidl_typesupport_cpp: rosidl_typesupport_fastrtps_cpp;rosidl_typesupport_introspection_cpp
[3.780s] -- Found rmw_implementation_cmake: 6.1.2 (/opt/ros/humble/share/rmw_implementation_cmake/cmake)
[3.792s] -- Found rmw_fastrtps_cpp: 6.2.7 (/opt/ros/humble/share/rmw_fastrtps_cpp/cmake)
[4.194s] -- Found OpenSSL: /usr/lib/aarch64-linux-gnu/libcrypto.so (found version "3.0.2")  
[4.327s] -- Found FastRTPS: /opt/ros/humble/include  
[4.514s] -- Using RMW implementation 'rmw_fastrtps_cpp' as default
[4.553s] -- Looking for pthread.h
[4.943s] -- Looking for pthread.h - found
[4.945s] -- Performing Test CMAKE_HAVE_LIBC_PTHREAD
[5.349s] -- Performing Test CMAKE_HAVE_LIBC_PTHREAD - Success
[5.356s] -- Found Threads: TRUE  
[5.654s] -- Found ai_msgs: 2.0.1 (/opt/tros/humble/share/ai_msgs/cmake)
[5.943s] -- Found dnn_node: 2.4.2 (/opt/tros/humble/share/dnn_node/cmake)
[5.952s] [0minvalid platform, build platform X3 default[0m
[5.952s] [0mCMAKE_SYSROOT is [0m
[6.353s] -- Configuring done
[6.412s] -- Generating done
[6.433s] -- Build files have been written to: /home/sunrise/hand_gesture_recognize/build/hand_gesture_detection_develop
[6.492s] Invoked command in '/home/sunrise/hand_gesture_recognize/build/hand_gesture_detection_develop' returned '0': CMAKE_PREFIX_PATH=${CMAKE_PREFIX_PATH}:/opt/tros/humble:/opt/ros/humble /usr/bin/cmake /home/sunrise/hand_gesture_recognize/src/hand_gesture_detection_develop -DAMENT_CMAKE_SYMLINK_INSTALL=1 -DCMAKE_INSTALL_PREFIX=/home/sunrise/hand_gesture_recognize/install/hand_gesture_detection_develop
[6.502s] Invoking command in '/home/sunrise/hand_gesture_recognize/build/hand_gesture_detection_develop': CMAKE_PREFIX_PATH=${CMAKE_PREFIX_PATH}:/opt/tros/humble:/opt/ros/humble /usr/bin/cmake --build /home/sunrise/hand_gesture_recognize/build/hand_gesture_detection_develop -- -j8 -l8
[6.748s] [ 37%] [32mBuilding CXX object CMakeFiles/hand_gesture_detection_develop.dir/src/hand_gesture_det_node.cpp.o[0m
[6.749s] [ 50%] [32mBuilding CXX object CMakeFiles/hand_gesture_detection_develop.dir/src/gesture_postprocess_util.cc.o[0m
[6.750s] [ 75%] [32mBuilding CXX object CMakeFiles/hand_gesture_detection_develop.dir/src/main.cpp.o[0m
[6.751s] [ 75%] [32mBuilding CXX object CMakeFiles/hand_gesture_detection_develop.dir/src/lmks_process.cpp.o[0m
[6.751s] [ 75%] [32mBuilding CXX object CMakeFiles/hand_gesture_detection_develop.dir/src/gesture_postprocess.cpp.o[0m
[6.752s] [ 75%] [32mBuilding CXX object CMakeFiles/hand_gesture_detection_develop.dir/src/gesture_preprocess.cpp.o[0m
[6.754s] [ 87%] [32mBuilding CXX object CMakeFiles/hand_gesture_detection_develop.dir/src/threads/threadpool.cpp.o[0m
[24.768s] In file included from [01m[K/home/sunrise/hand_gesture_recognize/src/hand_gesture_detection_develop/src/main.cpp:18[m[K:
[24.772s] [01m[K/home/sunrise/hand_gesture_recognize/src/hand_gesture_detection_develop/include/hand_gesture_det_node.h:106:36:[m[K [01;31m[Kerror: [m[Kâ€˜[01m[KString[m[Kâ€™ is not a member of â€˜[01m[Kstd_msgs::msg[m[Kâ€™
[24.775s]   106 |   rclcpp::Publisher<std_msgs::msg::[01;31m[KString[m[K>::SharedPtr gesture_value_pub_= nullptr;
[24.779s]       |                                    [01;31m[K^~~~~~[m[K
[24.782s] [01m[K/home/sunrise/hand_gesture_recognize/src/hand_gesture_detection_develop/include/hand_gesture_det_node.h:106:42:[m[K [01;31m[Kerror: [m[Ktemplate argument 1 is invalid
[24.786s]   106 |   rclcpp::Publisher<std_msgs::msg::String[01;31m[K>[m[K::SharedPtr gesture_value_pub_= nullptr;
[24.789s]       |                                          [01;31m[K^[m[K
[24.793s] [01m[K/home/sunrise/hand_gesture_recognize/src/hand_gesture_detection_develop/include/hand_gesture_det_node.h:106:45:[m[K [01;31m[Kerror: [m[Kexpected â€˜[01m[K;[m[Kâ€™ at end of member declaration
[24.797s]   106 |   rclcpp::Publisher<std_msgs::msg::String>::[01;31m[KSharedPtr[m[K gesture_value_pub_= nullptr;
[24.800s]       |                                             [01;31m[K^~~~~~~~~[m[K
[24.804s]       |                                                      [32m[K;[m[K
[24.807s] [01m[K/home/sunrise/hand_gesture_recognize/src/hand_gesture_detection_develop/include/hand_gesture_det_node.h:106:55:[m[K [01;31m[Kerror: [m[Kâ€˜[01m[Kgesture_value_pub_[m[Kâ€™ does not name a type
[24.811s]   106 |   rclcpp::Publisher<std_msgs::msg::String>::SharedPtr [01;31m[Kgesture_value_pub_[m[K= nullptr;
[24.814s]       |                                                       [01;31m[K^~~~~~~~~~~~~~~~~~[m[K
[25.864s] In file included from [01m[K/home/sunrise/hand_gesture_recognize/src/hand_gesture_detection_develop/src/hand_gesture_det_node.cpp:15[m[K:
[25.868s] [01m[K/home/sunrise/hand_gesture_recognize/src/hand_gesture_detection_develop/include/hand_gesture_det_node.h:106:36:[m[K [01;31m[Kerror: [m[Kâ€˜[01m[KString[m[Kâ€™ is not a member of â€˜[01m[Kstd_msgs::msg[m[Kâ€™
[25.872s]   106 |   rclcpp::Publisher<std_msgs::msg::[01;31m[KString[m[K>::SharedPtr gesture_value_pub_= nullptr;
[25.876s]       |                                    [01;31m[K^~~~~~[m[K
[25.879s] [01m[K/home/sunrise/hand_gesture_recognize/src/hand_gesture_detection_develop/include/hand_gesture_det_node.h:106:42:[m[K [01;31m[Kerror: [m[Ktemplate argument 1 is invalid
[25.883s]   106 |   rclcpp::Publisher<std_msgs::msg::String[01;31m[K>[m[K::SharedPtr gesture_value_pub_= nullptr;
[25.886s]       |                                          [01;31m[K^[m[K
[25.890s] [01m[K/home/sunrise/hand_gesture_recognize/src/hand_gesture_detection_develop/include/hand_gesture_det_node.h:106:45:[m[K [01;31m[Kerror: [m[Kexpected â€˜[01m[K;[m[Kâ€™ at end of member declaration
[25.894s]   106 |   rclcpp::Publisher<std_msgs::msg::String>::[01;31m[KSharedPtr[m[K gesture_value_pub_= nullptr;
[25.897s]       |                                             [01;31m[K^~~~~~~~~[m[K
[25.901s]       |                                                      [32m[K;[m[K
[25.904s] [01m[K/home/sunrise/hand_gesture_recognize/src/hand_gesture_detection_develop/include/hand_gesture_det_node.h:106:55:[m[K [01;31m[Kerror: [m[Kâ€˜[01m[Kgesture_value_pub_[m[Kâ€™ does not name a type
[25.908s]   106 |   rclcpp::Publisher<std_msgs::msg::String>::SharedPtr [01;31m[Kgesture_value_pub_[m[K= nullptr;
[25.912s]       |                                                       [01;31m[K^~~~~~~~~~~~~~~~~~[m[K
[29.185s] gmake[2]: *** [CMakeFiles/hand_gesture_detection_develop.dir/build.make:76ï¼šCMakeFiles/hand_gesture_detection_develop.dir/src/main.cpp.o] é”™è¯¯ 1
[29.186s] gmake[2]: *** æ­£åœ¨ç­‰å¾…æœªå®Œæˆçš„ä»»åŠ¡....
[29.695s] [01m[K/home/sunrise/hand_gesture_recognize/src/hand_gesture_detection_develop/src/hand_gesture_det_node.cpp:[m[K In constructor â€˜[01m[Kinference::HandGestureDetNode::HandGestureDetNode(const string&, const rclcpp::NodeOptions&)[m[Kâ€™:
[29.696s] [01m[K/home/sunrise/hand_gesture_recognize/src/hand_gesture_detection_develop/src/hand_gesture_det_node.cpp:162:3:[m[K [01;31m[Kerror: [m[Kâ€˜[01m[Kgesture_value_pub_[m[Kâ€™ was not declared in this scope
[29.697s]   162 |   [01;31m[Kgesture_value_pub_[m[K = this->create_publisher<std_msgs::msg::String>("/gesture_value", 10);
[29.698s]       |   [01;31m[K^~~~~~~~~~~~~~~~~~[m[K
[29.699s] [01m[K/home/sunrise/hand_gesture_recognize/src/hand_gesture_detection_develop/src/hand_gesture_det_node.cpp:162:62:[m[K [01;31m[Kerror: [m[Kâ€˜[01m[KString[m[Kâ€™ is not a member of â€˜[01m[Kstd_msgs::msg[m[Kâ€™; did you mean â€˜[01m[Kcv::String[m[Kâ€™?
[29.700s]   162 |   gesture_value_pub_ = this->create_publisher<std_msgs::msg::[01;31m[KString[m[K>("/gesture_value", 10);
[29.701s]       |                                                              [01;31m[K^~~~~~[m[K
[29.701s] In file included from [01m[K/usr/include/opencv4/opencv2/core/base.hpp:58[m[K,
[29.702s]                  from [01m[K/usr/include/opencv4/opencv2/core/matx.hpp:52[m[K,
[29.703s]                  from [01m[K/usr/include/opencv4/opencv2/core/mat.hpp:51[m[K,
[29.703s]                  from [01m[K/opt/tros/humble/include/dnn_node/util/image_proc.h:22[m[K,
[29.704s]                  from [01m[K/home/sunrise/hand_gesture_recognize/src/hand_gesture_detection_develop/src/hand_gesture_det_node.cpp:28[m[K:
[29.705s] [01m[K/usr/include/opencv4/opencv2/core/cvstd.hpp:152:21:[m[K [01;36m[Knote: [m[Kâ€˜[01m[Kcv::String[m[Kâ€™ declared here
[29.705s]   152 | typedef std::string [01;36m[KString[m[K;
[29.706s]       |                     [01;36m[K^~~~~~[m[K
[29.707s] [01m[K/home/sunrise/hand_gesture_recognize/src/hand_gesture_detection_develop/src/hand_gesture_det_node.cpp:162:69:[m[K [01;31m[Kerror: [m[Kno matching function for call to â€˜[01m[Kinference::HandGestureDetNode::create_publisher<<expression error> >(const char [15], int)[m[Kâ€™
[29.707s]   162 |   gesture_value_pub_ = [01;31m[Kthis->create_publisher<std_msgs::msg::String>("/gesture_value", 10)[m[K;
[29.708s]       |                        [01;31m[K~~~~~~~~~~~~~~~~~~~~~~~~~~~~~~~~~~~~~~~~~~~~~^~~~~~~~~~~~~~~~~~~~~~[m[K
[29.708s] In file included from [01m[K/opt/ros/humble/include/rclcpp/rclcpp/node.hpp:1321[m[K,
[29.709s]                  from [01m[K/opt/ros/humble/include/rclcpp/rclcpp/executors/single_threaded_executor.hpp:28[m[K,
[29.710s]                  from [01m[K/opt/ros/humble/include/rclcpp/rclcpp/executors.hpp:22[m[K,
[29.710s]                  from [01m[K/opt/ros/humble/include/rclcpp/rclcpp/rclcpp.hpp:155[m[K,
[29.711s]                  from [01m[K/opt/tros/humble/include/dnn_node/dnn_node_data.h:23[m[K,
[29.712s]                  from [01m[K/opt/tros/humble/include/dnn_node/dnn_node.h:22[m[K,
[29.713s]                  from [01m[K/home/sunrise/hand_gesture_recognize/src/hand_gesture_detection_develop/include/hand_gesture_det_node.h:22[m[K,
[29.714s]                  from [01m[K/home/sunrise/hand_gesture_recognize/src/hand_gesture_detection_develop/src/hand_gesture_det_node.cpp:15[m[K:
[29.715s] [01m[K/opt/ros/humble/include/rclcpp/rclcpp/node_impl.hpp:73:1:[m[K [01;36m[Knote: [m[Kcandidate: â€˜[01m[Ktemplate<class MessageT, class AllocatorT, class PublisherT> std::shared_ptr<PublisherT> rclcpp::Node::create_publisher(const string&, const rclcpp::QoS&, const rclcpp::PublisherOptionsWithAllocator<AllocatorT>&)[m[Kâ€™
[29.716s]    73 | [01;36m[KNode[m[K::create_publisher(
[29.716s]       | [01;36m[K^~~~[m[K
[29.717s] [01m[K/opt/ros/humble/include/rclcpp/rclcpp/node_impl.hpp:73:1:[m[K [01;36m[Knote: [m[K  template argument deduction/substitution failed:
[29.718s] [01m[K/home/sunrise/hand_gesture_recognize/src/hand_gesture_detection_develop/src/hand_gesture_det_node.cpp:162:69:[m[K [01;31m[Kerror: [m[Ktemplate argument 1 is invalid
[29.718s]   162 |   gesture_value_pub_ = [01;31m[Kthis->create_publisher<std_msgs::msg::String>("/gesture_value", 10)[m[K;
[29.719s]       |                        [01;31m[K~~~~~~~~~~~~~~~~~~~~~~~~~~~~~~~~~~~~~~~~~~~~~^~~~~~~~~~~~~~~~~~~~~~[m[K
[29.899s] [01m[K/home/sunrise/hand_gesture_recognize/src/hand_gesture_detection_develop/src/hand_gesture_det_node.cpp:[m[K In member function â€˜[01m[Kvoid inference::HandGestureDetNode::Publish(ai_msgs::msg::PerceptionTargets_<std::allocator<void> >::ConstSharedPtr, ai_msgs::msg::Perf, const std::unordered_map<long unsigned int, std::shared_ptr<inference::HandGestureRes> >&)[m[Kâ€™:
[29.899s] [01m[K/home/sunrise/hand_gesture_recognize/src/hand_gesture_detection_develop/src/hand_gesture_det_node.cpp:308:53:[m[K [01;31m[Kerror: [m[Kcannot convert â€˜[01m[Kstd::string[m[Kâ€™ {aka â€˜[01m[Kstd::__cxx11::basic_string<char>[m[Kâ€™} to â€˜[01m[Kstd_msgs::msg::Int32_<std::allocator<void> >::_data_type[m[Kâ€™ {aka â€˜[01m[Kint[m[Kâ€™} in assignment
[29.900s]   308 |                   gesture_msg.data = [01;31m[KgestureToString(res)[m[K;
[29.901s]       |                                      [01;31m[K~~~~~~~~~~~~~~~^~~~~[m[K
[29.902s]       |                                                     [01;31m[K|[m[K
[29.902s]       |                                                     [01;31m[Kstd::string {aka std::__cxx11::basic_string<char>}[m[K
[30.033s] [01m[K/home/sunrise/hand_gesture_recognize/src/hand_gesture_detection_develop/src/hand_gesture_det_node.cpp:309:19:[m[K [01;31m[Kerror: [m[Kâ€˜[01m[Kgesture_value_pub_[m[Kâ€™ was not declared in this scope
[30.034s]   309 |                   [01;31m[Kgesture_value_pub_[m[K->publish(gesture_msg);
[30.035s]       |                   [01;31m[K^~~~~~~~~~~~~~~~~~[m[K
[46.156s] gmake[2]: *** [CMakeFiles/hand_gesture_detection_develop.dir/build.make:90ï¼šCMakeFiles/hand_gesture_detection_develop.dir/src/hand_gesture_det_node.cpp.o] é”™è¯¯ 1
[46.159s] gmake[1]: *** [CMakeFiles/Makefile2:137ï¼šCMakeFiles/hand_gesture_detection_develop.dir/all] é”™è¯¯ 2
[46.162s] gmake: *** [Makefile:146ï¼šall] é”™è¯¯ 2
[46.176s] Invoked command in '/home/sunrise/hand_gesture_recognize/build/hand_gesture_detection_develop' returned '2': CMAKE_PREFIX_PATH=${CMAKE_PREFIX_PATH}:/opt/tros/humble:/opt/ros/humble /usr/bin/cmake --build /home/sunrise/hand_gesture_recognize/build/hand_gesture_detection_develop -- -j8 -l8
