[0minvalid platform, build platform X3 default[0m
[0mCMAKE_SYSROOT is [0m
In file included from [01m[K/home/sunrise/hand_gesture_recognize/src/hand_gesture_detection_develop/src/main.cpp:18[m[K:
[01m[K/home/sunrise/hand_gesture_recognize/src/hand_gesture_detection_develop/include/hand_gesture_det_node.h:99:36:[m[K [01;31m[Kerror: [m[Kâ€˜[01m[KInt32[m[Kâ€™ is not a member of â€˜[01m[Kstd_msgs::msg[m[Kâ€™
   99 |   rclcpp::Publisher<std_msgs::msg::[01;31m[KInt32[m[K>::SharedPtr gesture_value_pub_;
      |                                    [01;31m[K^~~~~[m[K
[01m[K/home/sunrise/hand_gesture_recognize/src/hand_gesture_detection_develop/include/hand_gesture_det_node.h:99:41:[m[K [01;31m[Kerror: [m[Ktemplate argument 1 is invalid
   99 |   rclcpp::Publisher<std_msgs::msg::Int32[01;31m[K>[m[K::SharedPtr gesture_value_pub_;
      |                                         [01;31m[K^[m[K
[01m[K/home/sunrise/hand_gesture_recognize/src/hand_gesture_detection_develop/include/hand_gesture_det_node.h:99:44:[m[K [01;31m[Kerror: [m[Kexpected â€˜[01m[K;[m[Kâ€™ at end of member declaration
   99 |   rclcpp::Publisher<std_msgs::msg::Int32>::[01;31m[KSharedPtr[m[K gesture_value_pub_;
      |                                            [01;31m[K^~~~~~~~~[m[K
      |                                                     [32m[K;[m[K
[01m[K/home/sunrise/hand_gesture_recognize/src/hand_gesture_detection_develop/include/hand_gesture_det_node.h:99:54:[m[K [01;31m[Kerror: [m[Kâ€˜[01m[Kgesture_value_pub_[m[Kâ€™ does not name a type
   99 |   rclcpp::Publisher<std_msgs::msg::Int32>::SharedPtr [01;31m[Kgesture_value_pub_[m[K;
      |                                                      [01;31m[K^~~~~~~~~~~~~~~~~~[m[K
In file included from [01m[K/home/sunrise/hand_gesture_recognize/src/hand_gesture_detection_develop/src/hand_gesture_det_node.cpp:15[m[K:
[01m[K/home/sunrise/hand_gesture_recognize/src/hand_gesture_detection_develop/include/hand_gesture_det_node.h:99:36:[m[K [01;31m[Kerror: [m[Kâ€˜[01m[KInt32[m[Kâ€™ is not a member of â€˜[01m[Kstd_msgs::msg[m[Kâ€™
   99 |   rclcpp::Publisher<std_msgs::msg::[01;31m[KInt32[m[K>::SharedPtr gesture_value_pub_;
      |                                    [01;31m[K^~~~~[m[K
[01m[K/home/sunrise/hand_gesture_recognize/src/hand_gesture_detection_develop/include/hand_gesture_det_node.h:99:41:[m[K [01;31m[Kerror: [m[Ktemplate argument 1 is invalid
   99 |   rclcpp::Publisher<std_msgs::msg::Int32[01;31m[K>[m[K::SharedPtr gesture_value_pub_;
      |                                         [01;31m[K^[m[K
[01m[K/home/sunrise/hand_gesture_recognize/src/hand_gesture_detection_develop/include/hand_gesture_det_node.h:99:44:[m[K [01;31m[Kerror: [m[Kexpected â€˜[01m[K;[m[Kâ€™ at end of member declaration
   99 |   rclcpp::Publisher<std_msgs::msg::Int32>::[01;31m[KSharedPtr[m[K gesture_value_pub_;
      |                                            [01;31m[K^~~~~~~~~[m[K
      |                                                     [32m[K;[m[K
[01m[K/home/sunrise/hand_gesture_recognize/src/hand_gesture_detection_develop/include/hand_gesture_det_node.h:99:54:[m[K [01;31m[Kerror: [m[Kâ€˜[01m[Kgesture_value_pub_[m[Kâ€™ does not name a type
   99 |   rclcpp::Publisher<std_msgs::msg::Int32>::SharedPtr [01;31m[Kgesture_value_pub_[m[K;
      |                                                      [01;31m[K^~~~~~~~~~~~~~~~~~[m[K
gmake[2]: *** [CMakeFiles/hand_gesture_detection_develop.dir/build.make:76ï¼šCMakeFiles/hand_gesture_detection_develop.dir/src/main.cpp.o] é”™è¯¯ 1
gmake[2]: *** æ­£åœ¨ç­‰å¾…æœªå®Œæˆçš„ä»»åŠ¡....
[01m[K/home/sunrise/hand_gesture_recognize/src/hand_gesture_detection_develop/src/hand_gesture_det_node.cpp:[m[K In constructor â€˜[01m[Kinference::HandGestureDetNode::HandGestureDetNode(const string&, const rclcpp::NodeOptions&)[m[Kâ€™:
[01m[K/home/sunrise/hand_gesture_recognize/src/hand_gesture_detection_develop/src/hand_gesture_det_node.cpp:160:3:[m[K [01;31m[Kerror: [m[Kâ€˜[01m[Kgesture_value_pub_[m[Kâ€™ was not declared in this scope
  160 |   [01;31m[Kgesture_value_pub_[m[K = this->create_publisher<std_msgs::msg::Int32>("gesture_value", 10);
      |   [01;31m[K^~~~~~~~~~~~~~~~~~[m[K
[01m[K/home/sunrise/hand_gesture_recognize/src/hand_gesture_detection_develop/src/hand_gesture_det_node.cpp:160:62:[m[K [01;31m[Kerror: [m[Kâ€˜[01m[KInt32[m[Kâ€™ is not a member of â€˜[01m[Kstd_msgs::msg[m[Kâ€™
  160 |   gesture_value_pub_ = this->create_publisher<std_msgs::msg::[01;31m[KInt32[m[K>("gesture_value", 10);
      |                                                              [01;31m[K^~~~~[m[K
[01m[K/home/sunrise/hand_gesture_recognize/src/hand_gesture_detection_develop/src/hand_gesture_det_node.cpp:160:68:[m[K [01;31m[Kerror: [m[Kno matching function for call to â€˜[01m[Kinference::HandGestureDetNode::create_publisher<<expression error> >(const char [14], int)[m[Kâ€™
  160 |   gesture_value_pub_ = [01;31m[Kthis->create_publisher<std_msgs::msg::Int32>("gesture_value", 10)[m[K;
      |                        [01;31m[K~~~~~~~~~~~~~~~~~~~~~~~~~~~~~~~~~~~~~~~~~~~~^~~~~~~~~~~~~~~~~~~~~[m[K
In file included from [01m[K/opt/ros/humble/include/rclcpp/rclcpp/node.hpp:1321[m[K,
                 from [01m[K/opt/ros/humble/include/rclcpp/rclcpp/executors/single_threaded_executor.hpp:28[m[K,
                 from [01m[K/opt/ros/humble/include/rclcpp/rclcpp/executors.hpp:22[m[K,
                 from [01m[K/opt/ros/humble/include/rclcpp/rclcpp/rclcpp.hpp:155[m[K,
                 from [01m[K/opt/tros/humble/include/dnn_node/dnn_node_data.h:23[m[K,
                 from [01m[K/opt/tros/humble/include/dnn_node/dnn_node.h:22[m[K,
                 from [01m[K/home/sunrise/hand_gesture_recognize/src/hand_gesture_detection_develop/include/hand_gesture_det_node.h:22[m[K,
                 from [01m[K/home/sunrise/hand_gesture_recognize/src/hand_gesture_detection_develop/src/hand_gesture_det_node.cpp:15[m[K:
[01m[K/opt/ros/humble/include/rclcpp/rclcpp/node_impl.hpp:73:1:[m[K [01;36m[Knote: [m[Kcandidate: â€˜[01m[Ktemplate<class MessageT, class AllocatorT, class PublisherT> std::shared_ptr<PublisherT> rclcpp::Node::create_publisher(const string&, const rclcpp::QoS&, const rclcpp::PublisherOptionsWithAllocator<AllocatorT>&)[m[Kâ€™
   73 | [01;36m[KNode[m[K::create_publisher(
      | [01;36m[K^~~~[m[K
[01m[K/opt/ros/humble/include/rclcpp/rclcpp/node_impl.hpp:73:1:[m[K [01;36m[Knote: [m[K  template argument deduction/substitution failed:
[01m[K/home/sunrise/hand_gesture_recognize/src/hand_gesture_detection_develop/src/hand_gesture_det_node.cpp:160:68:[m[K [01;31m[Kerror: [m[Ktemplate argument 1 is invalid
  160 |   gesture_value_pub_ = [01;31m[Kthis->create_publisher<std_msgs::msg::Int32>("gesture_value", 10)[m[K;
      |                        [01;31m[K~~~~~~~~~~~~~~~~~~~~~~~~~~~~~~~~~~~~~~~~~~~~^~~~~~~~~~~~~~~~~~~~~[m[K
[01m[K/home/sunrise/hand_gesture_recognize/src/hand_gesture_detection_develop/src/hand_gesture_det_node.cpp:[m[K In member function â€˜[01m[Kvoid inference::HandGestureDetNode::Publish(ai_msgs::msg::PerceptionTargets_<std::allocator<void> >::ConstSharedPtr, ai_msgs::msg::Perf, const std::unordered_map<long unsigned int, std::shared_ptr<inference::HandGestureRes> >&)[m[Kâ€™:
[01m[K/home/sunrise/hand_gesture_recognize/src/hand_gesture_detection_develop/src/hand_gesture_det_node.cpp:290:26:[m[K [01;31m[Kerror: [m[Kâ€˜[01m[KInt32[m[Kâ€™ is not a member of â€˜[01m[Kstd_msgs::msg[m[Kâ€™
  290 |           std_msgs::msg::[01;31m[KInt32[m[K gesture_msg;
      |                          [01;31m[K^~~~~[m[K
[01m[K/home/sunrise/hand_gesture_recognize/src/hand_gesture_detection_develop/src/hand_gesture_det_node.cpp:291:11:[m[K [01;31m[Kerror: [m[Kâ€˜[01m[Kgesture_msg[m[Kâ€™ was not declared in this scope; did you mean â€˜[01m[Kgesture_res[m[Kâ€™?
  291 |           [01;31m[Kgesture_msg[m[K.data = static_cast<int>(gesture_res->gesture_res_.front());
      |           [01;31m[K^~~~~~~~~~~[m[K
      |           [32m[Kgesture_res[m[K
[01m[K/home/sunrise/hand_gesture_recognize/src/hand_gesture_detection_develop/src/hand_gesture_det_node.cpp:292:11:[m[K [01;31m[Kerror: [m[Kâ€˜[01m[Kgesture_value_pub_[m[Kâ€™ was not declared in this scope
  292 |           [01;31m[Kgesture_value_pub_[m[K->publish(gesture_msg);
      |           [01;31m[K^~~~~~~~~~~~~~~~~~[m[K
gmake[2]: *** [CMakeFiles/hand_gesture_detection_develop.dir/build.make:90ï¼šCMakeFiles/hand_gesture_detection_develop.dir/src/hand_gesture_det_node.cpp.o] é”™è¯¯ 1
gmake[1]: *** [CMakeFiles/Makefile2:137ï¼šCMakeFiles/hand_gesture_detection_develop.dir/all] é”™è¯¯ 2
gmake: *** [Makefile:146ï¼šall] é”™è¯¯ 2
