[0.047s] Invoking command in '/home/sunrise/hand_gesture_recognize/build/hand_gesture_detection_develop': CMAKE_PREFIX_PATH=${CMAKE_PREFIX_PATH}:/opt/tros/humble:/opt/ros/humble /usr/bin/cmake /home/sunrise/hand_gesture_recognize/src/hand_gesture_detection_develop -DAMENT_CMAKE_SYMLINK_INSTALL=1 -DCMAKE_INSTALL_PREFIX=/home/sunrise/hand_gesture_recognize/install/hand_gesture_detection_develop
[0.360s] -- The C compiler identification is GNU 11.2.0
[0.682s] -- The CXX compiler identification is GNU 11.2.0
[0.718s] -- Detecting C compiler ABI info
[1.097s] -- Detecting C compiler ABI info - done
[1.158s] -- Check for working C compiler: /usr/bin/cc - skipped
[1.159s] -- Detecting C compile features
[1.161s] -- Detecting C compile features - done
[1.176s] -- Detecting CXX compiler ABI info
[1.589s] -- Detecting CXX compiler ABI info - done
[1.662s] -- Check for working CXX compiler: /usr/bin/c++ - skipped
[1.663s] -- Detecting CXX compile features
[1.666s] -- Detecting CXX compile features - done
[1.676s] -- Found ament_cmake: 1.3.11 (/opt/ros/humble/share/ament_cmake/cmake)
[2.597s] -- Found Python3: /usr/bin/python3 (found version "3.10.12") found components: Interpreter 
[3.012s] -- Override CMake install command with custom implementation using symlinks instead of copying resources
[3.139s] -- Found rclcpp: 16.0.12 (/opt/ros/humble/share/rclcpp/cmake)
[3.327s] -- Found rosidl_generator_c: 3.1.6 (/opt/ros/humble/share/rosidl_generator_c/cmake)
[3.352s] -- Found rosidl_adapter: 3.1.6 (/opt/ros/humble/share/rosidl_adapter/cmake)
[3.393s] -- Found rosidl_generator_cpp: 3.1.6 (/opt/ros/humble/share/rosidl_generator_cpp/cmake)
[3.457s] -- Using all available rosidl_typesupport_c: rosidl_typesupport_fastrtps_c;rosidl_typesupport_introspection_c
[3.542s] -- Using all available rosidl_typesupport_cpp: rosidl_typesupport_fastrtps_cpp;rosidl_typesupport_introspection_cpp
[3.764s] -- Found rmw_implementation_cmake: 6.1.2 (/opt/ros/humble/share/rmw_implementation_cmake/cmake)
[3.776s] -- Found rmw_fastrtps_cpp: 6.2.7 (/opt/ros/humble/share/rmw_fastrtps_cpp/cmake)
[4.173s] -- Found OpenSSL: /usr/lib/aarch64-linux-gnu/libcrypto.so (found version "3.0.2")  
[4.304s] -- Found FastRTPS: /opt/ros/humble/include  
[4.492s] -- Using RMW implementation 'rmw_fastrtps_cpp' as default
[4.529s] -- Looking for pthread.h
[4.930s] -- Looking for pthread.h - found
[4.932s] -- Performing Test CMAKE_HAVE_LIBC_PTHREAD
[5.341s] -- Performing Test CMAKE_HAVE_LIBC_PTHREAD - Success
[5.347s] -- Found Threads: TRUE  
[5.640s] -- Found ai_msgs: 2.0.1 (/opt/tros/humble/share/ai_msgs/cmake)
[5.926s] -- Found dnn_node: 2.4.2 (/opt/tros/humble/share/dnn_node/cmake)
[5.934s] [0minvalid platform, build platform X3 default[0m
[5.935s] [0mCMAKE_SYSROOT is [0m
[6.342s] -- Configuring done
[6.401s] -- Generating done
[6.421s] -- Build files have been written to: /home/sunrise/hand_gesture_recognize/build/hand_gesture_detection_develop
[6.485s] Invoked command in '/home/sunrise/hand_gesture_recognize/build/hand_gesture_detection_develop' returned '0': CMAKE_PREFIX_PATH=${CMAKE_PREFIX_PATH}:/opt/tros/humble:/opt/ros/humble /usr/bin/cmake /home/sunrise/hand_gesture_recognize/src/hand_gesture_detection_develop -DAMENT_CMAKE_SYMLINK_INSTALL=1 -DCMAKE_INSTALL_PREFIX=/home/sunrise/hand_gesture_recognize/install/hand_gesture_detection_develop
[6.496s] Invoking command in '/home/sunrise/hand_gesture_recognize/build/hand_gesture_detection_develop': CMAKE_PREFIX_PATH=${CMAKE_PREFIX_PATH}:/opt/tros/humble:/opt/ros/humble /usr/bin/cmake --build /home/sunrise/hand_gesture_recognize/build/hand_gesture_detection_develop -- -j8 -l8
[6.746s] [ 50%] [32mBuilding CXX object CMakeFiles/hand_gesture_detection_develop.dir/src/hand_gesture_det_node.cpp.o[0m
[6.747s] [ 87%] [32mBuilding CXX object CMakeFiles/hand_gesture_detection_develop.dir/src/gesture_postprocess_util.cc.o[0m
[6.748s] [ 87%] [32mBuilding CXX object CMakeFiles/hand_gesture_detection_develop.dir/src/lmks_process.cpp.o[0m
[6.748s] [ 87%] [32mBuilding CXX object CMakeFiles/hand_gesture_detection_develop.dir/src/gesture_preprocess.cpp.o[0m
[6.749s] [ 87%] [32mBuilding CXX object CMakeFiles/hand_gesture_detection_develop.dir/src/threads/threadpool.cpp.o[0m
[6.749s] [ 87%] [32mBuilding CXX object CMakeFiles/hand_gesture_detection_develop.dir/src/gesture_postprocess.cpp.o[0m
[6.751s] [ 87%] [32mBuilding CXX object CMakeFiles/hand_gesture_detection_develop.dir/src/main.cpp.o[0m
[24.910s] In file included from [01m[K/home/sunrise/hand_gesture_recognize/src/hand_gesture_detection_develop/src/main.cpp:18[m[K:
[24.914s] [01m[K/home/sunrise/hand_gesture_recognize/src/hand_gesture_detection_develop/include/hand_gesture_det_node.h:99:36:[m[K [01;31m[Kerror: [m[Kâ€˜[01m[KInt32[m[Kâ€™ is not a member of â€˜[01m[Kstd_msgs::msg[m[Kâ€™
[24.918s]    99 |   rclcpp::Publisher<std_msgs::msg::[01;31m[KInt32[m[K>::SharedPtr gesture_value_pub_;
[24.921s]       |                                    [01;31m[K^~~~~[m[K
[24.925s] [01m[K/home/sunrise/hand_gesture_recognize/src/hand_gesture_detection_develop/include/hand_gesture_det_node.h:99:41:[m[K [01;31m[Kerror: [m[Ktemplate argument 1 is invalid
[24.929s]    99 |   rclcpp::Publisher<std_msgs::msg::Int32[01;31m[K>[m[K::SharedPtr gesture_value_pub_;
[24.933s]       |                                         [01;31m[K^[m[K
[24.937s] [01m[K/home/sunrise/hand_gesture_recognize/src/hand_gesture_detection_develop/include/hand_gesture_det_node.h:99:44:[m[K [01;31m[Kerror: [m[Kexpected â€˜[01m[K;[m[Kâ€™ at end of member declaration
[24.942s]    99 |   rclcpp::Publisher<std_msgs::msg::Int32>::[01;31m[KSharedPtr[m[K gesture_value_pub_;
[24.946s]       |                                            [01;31m[K^~~~~~~~~[m[K
[24.950s]       |                                                     [32m[K;[m[K
[24.954s] [01m[K/home/sunrise/hand_gesture_recognize/src/hand_gesture_detection_develop/include/hand_gesture_det_node.h:99:54:[m[K [01;31m[Kerror: [m[Kâ€˜[01m[Kgesture_value_pub_[m[Kâ€™ does not name a type
[24.958s]    99 |   rclcpp::Publisher<std_msgs::msg::Int32>::SharedPtr [01;31m[Kgesture_value_pub_[m[K;
[24.962s]       |                                                      [01;31m[K^~~~~~~~~~~~~~~~~~[m[K
[25.535s] In file included from [01m[K/home/sunrise/hand_gesture_recognize/src/hand_gesture_detection_develop/src/hand_gesture_det_node.cpp:15[m[K:
[25.539s] [01m[K/home/sunrise/hand_gesture_recognize/src/hand_gesture_detection_develop/include/hand_gesture_det_node.h:99:36:[m[K [01;31m[Kerror: [m[Kâ€˜[01m[KInt32[m[Kâ€™ is not a member of â€˜[01m[Kstd_msgs::msg[m[Kâ€™
[25.542s]    99 |   rclcpp::Publisher<std_msgs::msg::[01;31m[KInt32[m[K>::SharedPtr gesture_value_pub_;
[25.546s]       |                                    [01;31m[K^~~~~[m[K
[25.552s] [01m[K/home/sunrise/hand_gesture_recognize/src/hand_gesture_detection_develop/include/hand_gesture_det_node.h:99:41:[m[K [01;31m[Kerror: [m[Ktemplate argument 1 is invalid
[25.556s]    99 |   rclcpp::Publisher<std_msgs::msg::Int32[01;31m[K>[m[K::SharedPtr gesture_value_pub_;
[25.559s]       |                                         [01;31m[K^[m[K
[25.563s] [01m[K/home/sunrise/hand_gesture_recognize/src/hand_gesture_detection_develop/include/hand_gesture_det_node.h:99:44:[m[K [01;31m[Kerror: [m[Kexpected â€˜[01m[K;[m[Kâ€™ at end of member declaration
[25.567s]    99 |   rclcpp::Publisher<std_msgs::msg::Int32>::[01;31m[KSharedPtr[m[K gesture_value_pub_;
[25.571s]       |                                            [01;31m[K^~~~~~~~~[m[K
[25.576s]       |                                                     [32m[K;[m[K
[25.579s] [01m[K/home/sunrise/hand_gesture_recognize/src/hand_gesture_detection_develop/include/hand_gesture_det_node.h:99:54:[m[K [01;31m[Kerror: [m[Kâ€˜[01m[Kgesture_value_pub_[m[Kâ€™ does not name a type
[25.583s]    99 |   rclcpp::Publisher<std_msgs::msg::Int32>::SharedPtr [01;31m[Kgesture_value_pub_[m[K;
[25.587s]       |                                                      [01;31m[K^~~~~~~~~~~~~~~~~~[m[K
[29.346s] gmake[2]: *** [CMakeFiles/hand_gesture_detection_develop.dir/build.make:76ï¼šCMakeFiles/hand_gesture_detection_develop.dir/src/main.cpp.o] é”™è¯¯ 1
[29.347s] gmake[2]: *** æ­£åœ¨ç­‰å¾…æœªå®Œæˆçš„ä»»åŠ¡....
[29.389s] [01m[K/home/sunrise/hand_gesture_recognize/src/hand_gesture_detection_develop/src/hand_gesture_det_node.cpp:[m[K In constructor â€˜[01m[Kinference::HandGestureDetNode::HandGestureDetNode(const string&, const rclcpp::NodeOptions&)[m[Kâ€™:
[29.390s] [01m[K/home/sunrise/hand_gesture_recognize/src/hand_gesture_detection_develop/src/hand_gesture_det_node.cpp:160:3:[m[K [01;31m[Kerror: [m[Kâ€˜[01m[Kgesture_value_pub_[m[Kâ€™ was not declared in this scope
[29.390s]   160 |   [01;31m[Kgesture_value_pub_[m[K = this->create_publisher<std_msgs::msg::Int32>("gesture_value", 10);
[29.391s]       |   [01;31m[K^~~~~~~~~~~~~~~~~~[m[K
[29.392s] [01m[K/home/sunrise/hand_gesture_recognize/src/hand_gesture_detection_develop/src/hand_gesture_det_node.cpp:160:62:[m[K [01;31m[Kerror: [m[Kâ€˜[01m[KInt32[m[Kâ€™ is not a member of â€˜[01m[Kstd_msgs::msg[m[Kâ€™
[29.393s]   160 |   gesture_value_pub_ = this->create_publisher<std_msgs::msg::[01;31m[KInt32[m[K>("gesture_value", 10);
[29.394s]       |                                                              [01;31m[K^~~~~[m[K
[29.394s] [01m[K/home/sunrise/hand_gesture_recognize/src/hand_gesture_detection_develop/src/hand_gesture_det_node.cpp:160:68:[m[K [01;31m[Kerror: [m[Kno matching function for call to â€˜[01m[Kinference::HandGestureDetNode::create_publisher<<expression error> >(const char [14], int)[m[Kâ€™
[29.395s]   160 |   gesture_value_pub_ = [01;31m[Kthis->create_publisher<std_msgs::msg::Int32>("gesture_value", 10)[m[K;
[29.395s]       |                        [01;31m[K~~~~~~~~~~~~~~~~~~~~~~~~~~~~~~~~~~~~~~~~~~~~^~~~~~~~~~~~~~~~~~~~~[m[K
[29.396s] In file included from [01m[K/opt/ros/humble/include/rclcpp/rclcpp/node.hpp:1321[m[K,
[29.396s]                  from [01m[K/opt/ros/humble/include/rclcpp/rclcpp/executors/single_threaded_executor.hpp:28[m[K,
[29.397s]                  from [01m[K/opt/ros/humble/include/rclcpp/rclcpp/executors.hpp:22[m[K,
[29.397s]                  from [01m[K/opt/ros/humble/include/rclcpp/rclcpp/rclcpp.hpp:155[m[K,
[29.398s]                  from [01m[K/opt/tros/humble/include/dnn_node/dnn_node_data.h:23[m[K,
[29.398s]                  from [01m[K/opt/tros/humble/include/dnn_node/dnn_node.h:22[m[K,
[29.399s]                  from [01m[K/home/sunrise/hand_gesture_recognize/src/hand_gesture_detection_develop/include/hand_gesture_det_node.h:22[m[K,
[29.399s]                  from [01m[K/home/sunrise/hand_gesture_recognize/src/hand_gesture_detection_develop/src/hand_gesture_det_node.cpp:15[m[K:
[29.400s] [01m[K/opt/ros/humble/include/rclcpp/rclcpp/node_impl.hpp:73:1:[m[K [01;36m[Knote: [m[Kcandidate: â€˜[01m[Ktemplate<class MessageT, class AllocatorT, class PublisherT> std::shared_ptr<PublisherT> rclcpp::Node::create_publisher(const string&, const rclcpp::QoS&, const rclcpp::PublisherOptionsWithAllocator<AllocatorT>&)[m[Kâ€™
[29.401s]    73 | [01;36m[KNode[m[K::create_publisher(
[29.401s]       | [01;36m[K^~~~[m[K
[29.402s] [01m[K/opt/ros/humble/include/rclcpp/rclcpp/node_impl.hpp:73:1:[m[K [01;36m[Knote: [m[K  template argument deduction/substitution failed:
[29.403s] [01m[K/home/sunrise/hand_gesture_recognize/src/hand_gesture_detection_develop/src/hand_gesture_det_node.cpp:160:68:[m[K [01;31m[Kerror: [m[Ktemplate argument 1 is invalid
[29.403s]   160 |   gesture_value_pub_ = [01;31m[Kthis->create_publisher<std_msgs::msg::Int32>("gesture_value", 10)[m[K;
[29.404s]       |                        [01;31m[K~~~~~~~~~~~~~~~~~~~~~~~~~~~~~~~~~~~~~~~~~~~~^~~~~~~~~~~~~~~~~~~~~[m[K
[29.589s] [01m[K/home/sunrise/hand_gesture_recognize/src/hand_gesture_detection_develop/src/hand_gesture_det_node.cpp:[m[K In member function â€˜[01m[Kvoid inference::HandGestureDetNode::Publish(ai_msgs::msg::PerceptionTargets_<std::allocator<void> >::ConstSharedPtr, ai_msgs::msg::Perf, const std::unordered_map<long unsigned int, std::shared_ptr<inference::HandGestureRes> >&)[m[Kâ€™:
[29.590s] [01m[K/home/sunrise/hand_gesture_recognize/src/hand_gesture_detection_develop/src/hand_gesture_det_node.cpp:290:26:[m[K [01;31m[Kerror: [m[Kâ€˜[01m[KInt32[m[Kâ€™ is not a member of â€˜[01m[Kstd_msgs::msg[m[Kâ€™
[29.591s]   290 |           std_msgs::msg::[01;31m[KInt32[m[K gesture_msg;
[29.592s]       |                          [01;31m[K^~~~~[m[K
[29.680s] [01m[K/home/sunrise/hand_gesture_recognize/src/hand_gesture_detection_develop/src/hand_gesture_det_node.cpp:291:11:[m[K [01;31m[Kerror: [m[Kâ€˜[01m[Kgesture_msg[m[Kâ€™ was not declared in this scope; did you mean â€˜[01m[Kgesture_res[m[Kâ€™?
[29.681s]   291 |           [01;31m[Kgesture_msg[m[K.data = static_cast<int>(gesture_res->gesture_res_.front());
[29.682s]       |           [01;31m[K^~~~~~~~~~~[m[K
[29.682s]       |           [32m[Kgesture_res[m[K
[29.815s] [01m[K/home/sunrise/hand_gesture_recognize/src/hand_gesture_detection_develop/src/hand_gesture_det_node.cpp:292:11:[m[K [01;31m[Kerror: [m[Kâ€˜[01m[Kgesture_value_pub_[m[Kâ€™ was not declared in this scope
[29.816s]   292 |           [01;31m[Kgesture_value_pub_[m[K->publish(gesture_msg);
[29.817s]       |           [01;31m[K^~~~~~~~~~~~~~~~~~[m[K
[45.822s] gmake[2]: *** [CMakeFiles/hand_gesture_detection_develop.dir/build.make:90ï¼šCMakeFiles/hand_gesture_detection_develop.dir/src/hand_gesture_det_node.cpp.o] é”™è¯¯ 1
[45.825s] gmake[1]: *** [CMakeFiles/Makefile2:137ï¼šCMakeFiles/hand_gesture_detection_develop.dir/all] é”™è¯¯ 2
[45.828s] gmake: *** [Makefile:146ï¼šall] é”™è¯¯ 2
[45.838s] Invoked command in '/home/sunrise/hand_gesture_recognize/build/hand_gesture_detection_develop' returned '2': CMAKE_PREFIX_PATH=${CMAKE_PREFIX_PATH}:/opt/tros/humble:/opt/ros/humble /usr/bin/cmake --build /home/sunrise/hand_gesture_recognize/build/hand_gesture_detection_develop -- -j8 -l8
